This is pdfTeX, Version 3.14159265-2.6-1.40.16 (TeX Live 2015) (preloaded format=pdflatex 2015.11.22)  11 APR 2017 13:32
entering extended mode
 restricted \write18 enabled.
 %&-line parsing enabled.
**uistSample.tex
(./uistSample.tex
LaTeX2e <2015/01/01>
Babel <3.9l> and hyphenation patterns for 79 languages loaded.
(/usr/local/texlive/2015/texmf-dist/tex/latex/base/article.cls
Document Class: article 2014/09/29 v1.4h Standard LaTeX document class
(/usr/local/texlive/2015/texmf-dist/tex/latex/base/size10.clo
File: size10.clo 2014/09/29 v1.4h Standard LaTeX file (size option)
)
\c@part=\count79
\c@section=\count80
\c@subsection=\count81
\c@subsubsection=\count82
\c@paragraph=\count83
\c@subparagraph=\count84
\c@figure=\count85
\c@table=\count86
\abovecaptionskip=\skip41
\belowcaptionskip=\skip42
\bibindent=\dimen102
)
(/usr/local/texlive/2015/texmf-dist/tex/latex/psnfss/times.sty
Package: times 2005/04/12 PSNFSS-v9.2a (SPQR) 
) (./uist.sty
Style "UIST" <01 August 2005>.
\copyrightnotice=\toks14
\conf=\toks15
\confinfo=\toks16
\copyrtyr=\toks17
\acmcopyr=\toks18
\boilerplate=\toks19
\copyrightetc=\toks20
) (./uistSample.aux)
\openout1 = `uistSample.aux'.

LaTeX Font Info:    Checking defaults for OML/cmm/m/it on input line 6.
LaTeX Font Info:    ... okay on input line 6.
LaTeX Font Info:    Checking defaults for T1/cmr/m/n on input line 6.
LaTeX Font Info:    ... okay on input line 6.
LaTeX Font Info:    Checking defaults for OT1/cmr/m/n on input line 6.
LaTeX Font Info:    ... okay on input line 6.
LaTeX Font Info:    Checking defaults for OMS/cmsy/m/n on input line 6.
LaTeX Font Info:    ... okay on input line 6.
LaTeX Font Info:    Checking defaults for OMX/cmex/m/n on input line 6.
LaTeX Font Info:    ... okay on input line 6.
LaTeX Font Info:    Checking defaults for U/cmr/m/n on input line 6.
LaTeX Font Info:    ... okay on input line 6.
LaTeX Font Info:    Try loading font information for OT1+ptm on input line 6.

(/usr/local/texlive/2015/texmf-dist/tex/latex/psnfss/ot1ptm.fd
File: ot1ptm.fd 2001/06/04 font definitions for OT1/ptm.
)
LaTeX Font Info:    External font `cmex10' loaded for size
(Font)              <12> on input line 38.
LaTeX Font Info:    External font `cmex10' loaded for size
(Font)              <8> on input line 38.
LaTeX Font Info:    External font `cmex10' loaded for size
(Font)              <6> on input line 38.

Overfull \hbox (1.15987pt too wide) in paragraph at lines 41--49
\OT1/ptm/m/n/10 This re-view is an ex-ten-sion to the sur-vey con-ducted by Adr
ian
 []


Overfull \hbox (1.98917pt too wide) in paragraph at lines 57--60
\OT1/ptm/m/n/10 formed by mus-cles that orig-i-nate from the pe-riph-eral nervo
us-
 []


Overfull \hbox (2.60869pt too wide) in paragraph at lines 57--60
\OT1/ptm/m/n/10 such, a nor-mal-ized sEMG am-pli-tude is of-ten ob-tained throu
gh
 []


Overfull \hbox (2.67693pt too wide) in paragraph at lines 61--61
[]\helvixb NOISE SIG-NALS RE-SULT-ING FROM EMG MEA-SURE-MENT
 []


Overfull \hbox (0.10654pt too wide) in paragraph at lines 69--70
[]  \helvixo Cross-Talk[] \OT1/ptm/m/n/10 arises when sig-nals from nearby mus-
cles, which
 []

[1{/usr/local/texlive/2015/texmf-var/fonts/map/pdftex/updmap/pdftex.map}



]
Overfull \hbox (1.2051pt too wide) in paragraph at lines 80--81
[]  \helvixo Elec-trode De-sign and Con-fig-u-ra-tion[] \OT1/ptm/m/n/10 Elec-tr
ode ma-te-ri-als that
 []

[2]
Overfull \hbox (0.48997pt too wide) in paragraph at lines 110--110
[]\helvixb HAND CLAS-SI-FI-CA-TION MEHOTDS US-ING EMG SIG-NALS 
 []

LaTeX Font Info:    Try loading font information for OMS+ptm on input line 114.

(/usr/local/texlive/2015/texmf-dist/tex/latex/psnfss/omsptm.fd
File: omsptm.fd 
)
LaTeX Font Info:    Font shape `OMS/ptm/m/n' in size <10> not available
(Font)              Font shape `OMS/cmsy/m/n' tried instead on input line 114.
LaTeX Font Info:    Font shape `OT1/ptm/bx/n' in size <10> not available
(Font)              Font shape `OT1/ptm/b/n' tried instead on input line 114.

Overfull \hbox (13.67973pt too wide) in paragraph at lines 117--118
[]\OT1/ptm/b/n/10 Ensemble tech-niques \OT1/ptm/m/n/10 us-ing mul-ti-ple fea-tu
re sets even achieve
 []


Overfull \hbox (0.93874pt too wide) in paragraph at lines 131--132
\OT1/ptm/m/n/10 Often, dif-fer-ent sub-jects have dif-fer-ent mus-cle struc-tur
es with
 []

[3]
LaTeX Font Info:    External font `cmex10' loaded for size
(Font)              <7> on input line 141.
LaTeX Font Info:    External font `cmex10' loaded for size
(Font)              <5> on input line 141.
 [4]
Overfull \hbox (14.27017pt too wide) in paragraph at lines 181--182
[]\OT1/ptm/m/n/10 ActiveOne, BioSemi, Am-s-ter-dam, Nether-lands (Kilby, Prasad
,
 []


Overfull \hbox (11.69896pt too wide) in paragraph at lines 186--187
[]\OT1/ptm/m/n/10 ADC: EMG-USB 2, 256-channel EMG am-pli-fier, OT Bioelet-
 []


Overfull \hbox (1.83539pt too wide) in paragraph at lines 192--192
[]\helvixb Appendix B: Avail-able datasets that in-clude cross-session
 []

(./uistSample.bbl [5]
Underfull \hbox (badness 1484) in paragraph at lines 115--121
[]\OT1/ptm/m/sc/10 El-Khoury, S., Batzianoulis, I., An-tu-van,
 []


Underfull \hbox (badness 1019) in paragraph at lines 115--121
\OT1/ptm/m/it/10 Medicine and Bi-ol-ogy So-ci-ety, EMBS 2015-Novem
 []

Missing character: There is no â in font ptmr7t!
Missing character: There is no € in font ptmr7t!
Missing character: There is no “ in font ptmr7t!

Underfull \hbox (badness 6741) in paragraph at lines 163--167
[]\OT1/ptm/m/sc/10 Hogan, N., and Mann, R.  \OT1/ptm/m/n/10 My-o-elec-tric
 []


Underfull \hbox (badness 2401) in paragraph at lines 163--167
\OT1/ptm/m/n/10 sig-nal pro-cess-ing: Op-ti-mal es-ti-ma-tion ap-plied to
 []

Missing character: There is no â in font ptmr7t!
Missing character: There is no € in font ptmr7t!
Missing character: There is no “ in font ptmr7t!
[6]
Underfull \hbox (badness 1454) in paragraph at lines 277--280
\OT1/ptm/m/n/10 Anal-y-sis of mo-tor units with high-density sur-face
 []

[7]) [8

] (./uistSample.aux) ) 
Here is how much of TeX's memory you used:
 413 strings out of 493089
 4883 string characters out of 6134841
 64199 words of memory out of 5000000
 3941 multiletter control sequences out of 15000+600000
 24975 words of font info for 46 fonts, out of 8000000 for 9000
 1141 hyphenation exceptions out of 8191
 23i,9n,20p,1290b,277s stack positions out of 5000i,500n,10000p,200000b,80000s
{/usr/local/texlive/2015/texmf-dist/fonts/enc/dvips/base/
8r.enc}</usr/local/texlive/2015/texmf-dist/fonts/type1/public/amsfonts/cm/cmmi1
0.pfb></usr/local/texlive/2015/texmf-dist/fonts/type1/public/amsfonts/cm/cmmi7.
pfb></usr/local/texlive/2015/texmf-dist/fonts/type1/public/amsfonts/cm/cmr10.pf
b></usr/local/texlive/2015/texmf-dist/fonts/type1/public/amsfonts/cm/cmr7.pfb><
/usr/local/texlive/2015/texmf-dist/fonts/type1/public/amsfonts/cm/cmsy10.pfb></
usr/local/texlive/2015/texmf-dist/fonts/type1/public/amsfonts/cm/cmsy7.pfb></us
r/local/texlive/2015/texmf-dist/fonts/type1/urw/helvetic/uhvb8a.pfb></usr/local
/texlive/2015/texmf-dist/fonts/type1/urw/helvetic/uhvro8a.pfb></usr/local/texli
ve/2015/texmf-dist/fonts/type1/urw/times/utmb8a.pfb></usr/local/texlive/2015/te
xmf-dist/fonts/type1/urw/times/utmr8a.pfb></usr/local/texlive/2015/texmf-dist/f
onts/type1/urw/times/utmri8a.pfb>
Output written on uistSample.pdf (8 pages, 151017 bytes).
PDF statistics:
 76 PDF objects out of 1000 (max. 8388607)
 54 compressed objects within 1 object stream
 0 named destinations out of 1000 (max. 500000)
 1 words of extra memory for PDF output out of 10000 (max. 10000000)

